Using pre-set license
Built from '2021.3/staging' branch; Version is '2021.3.10f1 (1c7d0df0160b) revision 1867021'; Using compiler version '192829333'; Build Type 'Release'
OS: 'Windows 11  (10.0.22000) 64bit Core' Language: 'en' Physical Memory: 16305 MB
BatchMode: 1, IsHumanControllingUs: 0, StartBugReporterOnCrash: 0, Is64bit: 1, IsPro: 1

COMMAND LINE ARGUMENTS:
C:\Program Files\Unity 2021.3.10f1\Editor\Unity.exe
-adb2
-batchMode
-noUpm
-name
AssetImportWorker1
-projectPath
C:/Users/murik/Space Inv GAme
-logFile
Logs/AssetImportWorker1.log
-srvPort
54313
Successfully changed project path to: C:/Users/murik/Space Inv GAme
C:/Users/murik/Space Inv GAme
[UnityMemory] Configuration Parameters - Can be set up in boot.config
    "memorysetup-bucket-allocator-granularity=16"
    "memorysetup-bucket-allocator-bucket-count=8"
    "memorysetup-bucket-allocator-block-size=33554432"
    "memorysetup-bucket-allocator-block-count=8"
    "memorysetup-main-allocator-block-size=16777216"
    "memorysetup-thread-allocator-block-size=16777216"
    "memorysetup-gfx-main-allocator-block-size=16777216"
    "memorysetup-gfx-thread-allocator-block-size=16777216"
    "memorysetup-cache-allocator-block-size=4194304"
    "memorysetup-typetree-allocator-block-size=2097152"
    "memorysetup-profiler-bucket-allocator-granularity=16"
    "memorysetup-profiler-bucket-allocator-bucket-count=8"
    "memorysetup-profiler-bucket-allocator-block-size=33554432"
    "memorysetup-profiler-bucket-allocator-block-count=8"
    "memorysetup-profiler-allocator-block-size=16777216"
    "memorysetup-profiler-editor-allocator-block-size=1048576"
    "memorysetup-temp-allocator-size-main=16777216"
    "memorysetup-job-temp-allocator-block-size=2097152"
    "memorysetup-job-temp-allocator-block-size-background=1048576"
    "memorysetup-job-temp-allocator-reduction-small-platforms=262144"
    "memorysetup-temp-allocator-size-background-worker=32768"
    "memorysetup-temp-allocator-size-job-worker=262144"
    "memorysetup-temp-allocator-size-preload-manager=33554432"
    "memorysetup-temp-allocator-size-nav-mesh-worker=65536"
    "memorysetup-temp-allocator-size-audio-worker=65536"
    "memorysetup-temp-allocator-size-cloud-worker=32768"
    "memorysetup-temp-allocator-size-gi-baking-worker=262144"
    "memorysetup-temp-allocator-size-gfx=262144"
Refreshing native plugins compatible for Editor in 92.22 ms, found 3 plugins.
Preloading 0 native plugins for Editor in 0.00 ms.
Initialize engine version: 2021.3.10f1 (1c7d0df0160b)
[Subsystems] Discovering subsystems at path C:/Program Files/Unity 2021.3.10f1/Editor/Data/Resources/UnitySubsystems
[Subsystems] Discovering subsystems at path C:/Users/murik/Space Inv GAme/Assets
GfxDevice: creating device client; threaded=0; jobified=0
Direct3D:
    Version:  Direct3D 11.0 [level 11.1]
    Renderer: NVIDIA GeForce RTX 3060 Ti (ID=0x2486)
    Vendor:   NVIDIA
    VRAM:     8050 MB
    Driver:   31.0.15.1694
Initialize mono
Mono path[0] = 'C:/Program Files/Unity 2021.3.10f1/Editor/Data/Managed'
Mono path[1] = 'C:/Program Files/Unity 2021.3.10f1/Editor/Data/MonoBleedingEdge/lib/mono/unityjit-win32'
Mono config path = 'C:/Program Files/Unity 2021.3.10f1/Editor/Data/MonoBleedingEdge/etc'
Using monoOptions --debugger-agent=transport=dt_socket,embedding=1,server=y,suspend=n,address=127.0.0.1:56264
Begin MonoManager ReloadAssembly
Registering precompiled unity dll's ...
Register platform support module: C:/Program Files/Unity 2021.3.10f1/Editor/Data/PlaybackEngines/MacStandaloneSupport/UnityEditor.OSXStandalone.Extensions.dll
Register platform support module: C:/Program Files/Unity 2021.3.10f1/Editor/Data/PlaybackEngines/WindowsStandaloneSupport/UnityEditor.WindowsStandalone.Extensions.dll
Registered in 0.004812 seconds.
Native extension for WindowsStandalone target not found
Native extension for OSXStandalone target not found
Refreshing native plugins compatible for Editor in 87.34 ms, found 3 plugins.
Preloading 0 native plugins for Editor in 0.00 ms.
Mono: successfully reloaded assembly
- Completed reload, in  0.735 seconds
Domain Reload Profiling:
	ReloadAssembly (736ms)
		BeginReloadAssembly (80ms)
			ExecutionOrderSort (0ms)
			DisableScriptedObjects (0ms)
			BackupInstance (0ms)
			ReleaseScriptingObjects (0ms)
			CreateAndSetChildDomain (1ms)
		EndReloadAssembly (527ms)
			LoadAssemblies (77ms)
			RebuildTransferFunctionScriptingTraits (0ms)
			SetupTypeCache (123ms)
			ReleaseScriptCaches (0ms)
			RebuildScriptCaches (32ms)
			SetupLoadedEditorAssemblies (312ms)
				LogAssemblyErrors (0ms)
				InitializePlatformSupportModulesInManaged (10ms)
				SetLoadedEditorAssemblies (0ms)
				RefreshPlugins (87ms)
				BeforeProcessingInitializeOnLoad (1ms)
				ProcessInitializeOnLoadAttributes (159ms)
				ProcessInitializeOnLoadMethodAttributes (54ms)
				AfterProcessingInitializeOnLoad (0ms)
				EditorAssembliesLoaded (0ms)
			ExecutionOrderSort2 (0ms)
			AwakeInstancesAfterBackupRestoration (0ms)
Platform modules already initialized, skipping
Registering precompiled user dll's ...
Registered in 0.001087 seconds.
Required property 'name' not set (Packages/com.unity.visualscripting/Editor/VisualScripting.Flow/Unity.VisualScripting.Flow.Editor.asmdef)
Required property 'name' not set (Packages/com.unity.services.core/Editor/Core/Unity.Services.Core.Editor.asmdef)
Required property 'name' not set (Packages/com.unity.services.core/Editor/Core/Configuration/Unity.Services.Core.Configuration.Editor.asmdef)
Required property 'name' not set (Packages/com.unity.ide.vscode/Editor/Unity.com.unity.vscode.Editor.asmdef)
Required property 'name' not set (Packages/com.unity.services.core/Runtime/Analytics/Unity.Services.Core.Analytics.asmdef)
Required property 'name' not set (Packages/com.unity.services.core/Runtime/Registration/Unity.Services.Core.Registration.asmdef)
Required property 'name' not set (Packages/com.unity.textmeshpro/Tests/Runtime/Unity.TextMeshPro.Tests.asmdef)
Required property 'name' not set (Packages/com.unity.visualscripting/Editor/VisualScripting.Shared/Unity.VisualScripting.Shared.Editor.asmdef)
Required property 'name' not set (Packages/com.unity.textmeshpro/Scripts/Editor/Unity.TextMeshPro.Editor.asmdef)
Required property 'name' not set (Packages/com.unity.services.core/Runtime/Telemetry/Unity.Services.Core.Telemetry.asmdef)
Required property 'name' not set (Packages/com.unity.services.core/Runtime/Environments/Unity.Services.Core.Environments.asmdef)
Required property 'name' not set (Packages/com.unity.ide.visualstudio/Editor/com.unity.ide.visualstudio.asmdef)
Required property 'name' not set (Packages/com.unity.services.core/Runtime/Scheduler/Unity.Services.Core.Scheduler.asmdef)
Required property 'name' not set (Packages/com.unity.test-framework/UnityEngine.TestRunner/UnityEngine.TestRunner.asmdef)
Required property 'name' not set (Packages/com.unity.services.core/Runtime/Environments/Internal/Unity.Services.Core.Environments.Internal.asmdef)
Required property 'name' not set (Packages/com.unity.timeline/Editor/Unity.Timeline.Editor.asmdef)
Required property 'name' not set (Packages/com.unity.timeline/Runtime/Unity.Timeline.asmdef)
Required property 'name' not set (Packages/com.unity.visualscripting/Editor/VisualScripting.Core/Unity.VisualScripting.Core.Editor.asmdef)
Required property 'name' not set (Packages/com.unity.textmeshpro/Scripts/Runtime/Unity.TextMeshPro.asmdef)
Required property 'name' not set (Packages/com.unity.visualscripting/Editor/VisualScripting.State/Unity.VisualScripting.State.Editor.asmdef)
Required property 'name' not set (Packages/com.unity.textmeshpro/Tests/Editor/Unity.TextMeshPro.Editor.Tests.asmdef)
Required property 'name' not set (Packages/com.unity.services.core/Runtime/Threading/Unity.Services.Core.Threading.asmdef)
Required property 'name' not set (Packages/com.unity.collab-proxy/Editor/Collaborate/Unity.CollabProxy.Editor.asmdef)
Required property 'name' not set (Packages/com.unity.collab-proxy/Tests/Editor/Collaborate/Unity.CollabProxy.EditorTests.asmdef)
Required property 'name' not set (Packages/com.unity.test-framework/UnityEditor.TestRunner/UnityEditor.TestRunner.asmdef)
Required property 'name' not set (Packages/com.unity.visualscripting/Editor/SettingsProvider/Unity.VisualScripting.SettingsProvider.Editor.asmdef)
Required property 'name' not set (Packages/com.unity.visualscripting/Runtime/VisualScripting.Flow/Unity.VisualScripting.Flow.asmdef)
Required property 'name' not set (Packages/com.unity.collab-proxy/Editor/PlasticSCM/Unity.PlasticSCM.Editor.asmdef)
Required property 'name' not set (Packages/com.unity.collab-proxy/Tests/Editor/PlasticSCM/Unity.PlasticSCM.EditorTests.asmdef)
Required property 'name' not set (Packages/com.unity.timeline/DocCodeExamples/DocCodeExamples.asmdef)
Required property 'name' not set (Packages/com.unity.ide.rider/Rider/Editor/com.unity.ide.rider.asmdef)
Required property 'name' not set (Packages/com.unity.services.core/Runtime/Networking/Unity.Services.Core.Networking.asmdef)
Required property 'name' not set (Packages/com.unity.services.core/Runtime/Core.Internal/Unity.Services.Core.Internal.asmdef)
Required property 'name' not set (Packages/com.unity.services.core/Runtime/Configuration/Unity.Services.Core.Configuration.asmdef)
Required property 'name' not set (Packages/com.unity.services.core/Runtime/Core/Unity.Services.Core.asmdef)
Required property 'name' not set (Packages/com.unity.visualscripting/Runtime/VisualScripting.State/Unity.VisualScripting.State.asmdef)
Required property 'name' not set (Packages/com.unity.visualscripting/Runtime/VisualScripting.Core/Unity.VisualScripting.Core.asmdef)
Required property 'name' not set (Packages/com.unity.services.core/Runtime/Device/Unity.Services.Core.Device.asmdef)
Required property 'name' not set (Packages/com.unity.visualscripting/Editor/VisualScripting.Flow/Unity.VisualScripting.Flow.Editor.asmdef)
Required property 'name' not set (Packages/com.unity.services.core/Editor/Core/Unity.Services.Core.Editor.asmdef)
Required property 'name' not set (Packages/com.unity.services.core/Editor/Core/Configuration/Unity.Services.Core.Configuration.Editor.asmdef)
Required property 'name' not set (Packages/com.unity.ide.vscode/Editor/Unity.com.unity.vscode.Editor.asmdef)
Required property 'name' not set (Packages/com.unity.services.core/Runtime/Analytics/Unity.Services.Core.Analytics.asmdef)
Required property 'name' not set (Packages/com.unity.services.core/Runtime/Registration/Unity.Services.Core.Registration.asmdef)
Required property 'name' not set (Packages/com.unity.textmeshpro/Tests/Runtime/Unity.TextMeshPro.Tests.asmdef)
Required property 'name' not set (Packages/com.unity.visualscripting/Editor/VisualScripting.Shared/Unity.VisualScripting.Shared.Editor.asmdef)
Required property 'name' not set (Packages/com.unity.textmeshpro/Scripts/Editor/Unity.TextMeshPro.Editor.asmdef)
Required property 'name' not set (Packages/com.unity.services.core/Runtime/Telemetry/Unity.Services.Core.Telemetry.asmdef)
Required property 'name' not set (Packages/com.unity.services.core/Runtime/Environments/Unity.Services.Core.Environments.asmdef)
Required property 'name' not set (Packages/com.unity.ide.visualstudio/Editor/com.unity.ide.visualstudio.asmdef)
Required property 'name' not set (Packages/com.unity.services.core/Runtime/Scheduler/Unity.Services.Core.Scheduler.asmdef)
Required property 'name' not set (Packages/com.unity.test-framework/UnityEngine.TestRunner/UnityEngine.TestRunner.asmdef)
Required property 'name' not set (Packages/com.unity.services.core/Runtime/Environments/Internal/Unity.Services.Core.Environments.Internal.asmdef)
Required property 'name' not set (Packages/com.unity.timeline/Editor/Unity.Timeline.Editor.asmdef)
Required property 'name' not set (Packages/com.unity.timeline/Runtime/Unity.Timeline.asmdef)
Required property 'name' not set (Packages/com.unity.visualscripting/Editor/VisualScripting.Core/Unity.VisualScripting.Core.Editor.asmdef)
Required property 'name' not set (Packages/com.unity.textmeshpro/Scripts/Runtime/Unity.TextMeshPro.asmdef)
Required property 'name' not set (Packages/com.unity.visualscripting/Editor/VisualScripting.State/Unity.VisualScripting.State.Editor.asmdef)
Required property 'name' not set (Packages/com.unity.textmeshpro/Tests/Editor/Unity.TextMeshPro.Editor.Tests.asmdef)
Required property 'name' not set (Packages/com.unity.services.core/Runtime/Threading/Unity.Services.Core.Threading.asmdef)
Required property 'name' not set (Packages/com.unity.collab-proxy/Editor/Collaborate/Unity.CollabProxy.Editor.asmdef)
Required property 'name' not set (Packages/com.unity.collab-proxy/Tests/Editor/Collaborate/Unity.CollabProxy.EditorTests.asmdef)
Required property 'name' not set (Packages/com.unity.test-framework/UnityEditor.TestRunner/UnityEditor.TestRunner.asmdef)
Required property 'name' not set (Packages/com.unity.visualscripting/Editor/SettingsProvider/Unity.VisualScripting.SettingsProvider.Editor.asmdef)
Required property 'name' not set (Packages/com.unity.visualscripting/Runtime/VisualScripting.Flow/Unity.VisualScripting.Flow.asmdef)
Required property 'name' not set (Packages/com.unity.collab-proxy/Editor/PlasticSCM/Unity.PlasticSCM.Editor.asmdef)
Required property 'name' not set (Packages/com.unity.collab-proxy/Tests/Editor/PlasticSCM/Unity.PlasticSCM.EditorTests.asmdef)
Required property 'name' not set (Packages/com.unity.timeline/DocCodeExamples/DocCodeExamples.asmdef)
Required property 'name' not set (Packages/com.unity.ide.rider/Rider/Editor/com.unity.ide.rider.asmdef)
Required property 'name' not set (Packages/com.unity.services.core/Runtime/Networking/Unity.Services.Core.Networking.asmdef)
Required property 'name' not set (Packages/com.unity.services.core/Runtime/Core.Internal/Unity.Services.Core.Internal.asmdef)
Required property 'name' not set (Packages/com.unity.services.core/Runtime/Configuration/Unity.Services.Core.Configuration.asmdef)
Required property 'name' not set (Packages/com.unity.services.core/Runtime/Core/Unity.Services.Core.asmdef)
Required property 'name' not set (Packages/com.unity.visualscripting/Runtime/VisualScripting.State/Unity.VisualScripting.State.asmdef)
Required property 'name' not set (Packages/com.unity.visualscripting/Runtime/VisualScripting.Core/Unity.VisualScripting.Core.asmdef)
Required property 'name' not set (Packages/com.unity.services.core/Runtime/Device/Unity.Services.Core.Device.asmdef)
Begin MonoManager ReloadAssembly
Native extension for WindowsStandalone target not found
Native extension for OSXStandalone target not found
Refreshing native plugins compatible for Editor in 0.52 ms, found 3 plugins.
Preloading 0 native plugins for Editor in 0.00 ms.
Required property 'name' not set (Packages/com.unity.visualscripting/Editor/VisualScripting.Flow/Unity.VisualScripting.Flow.Editor.asmdef)
Required property 'name' not set (Packages/com.unity.services.core/Editor/Core/Unity.Services.Core.Editor.asmdef)
Required property 'name' not set (Packages/com.unity.services.core/Editor/Core/Configuration/Unity.Services.Core.Configuration.Editor.asmdef)
Required property 'name' not set (Packages/com.unity.ide.vscode/Editor/Unity.com.unity.vscode.Editor.asmdef)
Required property 'name' not set (Packages/com.unity.services.core/Runtime/Analytics/Unity.Services.Core.Analytics.asmdef)
Required property 'name' not set (Packages/com.unity.services.core/Runtime/Registration/Unity.Services.Core.Registration.asmdef)
Required property 'name' not set (Packages/com.unity.textmeshpro/Tests/Runtime/Unity.TextMeshPro.Tests.asmdef)
Required property 'name' not set (Packages/com.unity.visualscripting/Editor/VisualScripting.Shared/Unity.VisualScripting.Shared.Editor.asmdef)
Required property 'name' not set (Packages/com.unity.textmeshpro/Scripts/Editor/Unity.TextMeshPro.Editor.asmdef)
Required property 'name' not set (Packages/com.unity.services.core/Runtime/Telemetry/Unity.Services.Core.Telemetry.asmdef)
Required property 'name' not set (Packages/com.unity.services.core/Runtime/Environments/Unity.Services.Core.Environments.asmdef)
Required property 'name' not set (Packages/com.unity.ide.visualstudio/Editor/com.unity.ide.visualstudio.asmdef)
Required property 'name' not set (Packages/com.unity.services.core/Runtime/Scheduler/Unity.Services.Core.Scheduler.asmdef)
Required property 'name' not set (Packages/com.unity.test-framework/UnityEngine.TestRunner/UnityEngine.TestRunner.asmdef)
Required property 'name' not set (Packages/com.unity.services.core/Runtime/Environments/Internal/Unity.Services.Core.Environments.Internal.asmdef)
Required property 'name' not set (Packages/com.unity.timeline/Editor/Unity.Timeline.Editor.asmdef)
Required property 'name' not set (Packages/com.unity.timeline/Runtime/Unity.Timeline.asmdef)
Required property 'name' not set (Packages/com.unity.visualscripting/Editor/VisualScripting.Core/Unity.VisualScripting.Core.Editor.asmdef)
Required property 'name' not set (Packages/com.unity.textmeshpro/Scripts/Runtime/Unity.TextMeshPro.asmdef)
Required property 'name' not set (Packages/com.unity.visualscripting/Editor/VisualScripting.State/Unity.VisualScripting.State.Editor.asmdef)
Required property 'name' not set (Packages/com.unity.textmeshpro/Tests/Editor/Unity.TextMeshPro.Editor.Tests.asmdef)
Required property 'name' not set (Packages/com.unity.services.core/Runtime/Threading/Unity.Services.Core.Threading.asmdef)
Required property 'name' not set (Packages/com.unity.collab-proxy/Editor/Collaborate/Unity.CollabProxy.Editor.asmdef)
Required property 'name' not set (Packages/com.unity.collab-proxy/Tests/Editor/Collaborate/Unity.CollabProxy.EditorTests.asmdef)
Required property 'name' not set (Packages/com.unity.test-framework/UnityEditor.TestRunner/UnityEditor.TestRunner.asmdef)
Required property 'name' not set (Packages/com.unity.visualscripting/Editor/SettingsProvider/Unity.VisualScripting.SettingsProvider.Editor.asmdef)
Required property 'name' not set (Packages/com.unity.visualscripting/Runtime/VisualScripting.Flow/Unity.VisualScripting.Flow.asmdef)
Required property 'name' not set (Packages/com.unity.collab-proxy/Editor/PlasticSCM/Unity.PlasticSCM.Editor.asmdef)
Required property 'name' not set (Packages/com.unity.collab-proxy/Tests/Editor/PlasticSCM/Unity.PlasticSCM.EditorTests.asmdef)
Required property 'name' not set (Packages/com.unity.timeline/DocCodeExamples/DocCodeExamples.asmdef)
Required property 'name' not set (Packages/com.unity.ide.rider/Rider/Editor/com.unity.ide.rider.asmdef)
Required property 'name' not set (Packages/com.unity.services.core/Runtime/Networking/Unity.Services.Core.Networking.asmdef)
Required property 'name' not set (Packages/com.unity.services.core/Runtime/Core.Internal/Unity.Services.Core.Internal.asmdef)
Required property 'name' not set (Packages/com.unity.services.core/Runtime/Configuration/Unity.Services.Core.Configuration.asmdef)
Required property 'name' not set (Packages/com.unity.services.core/Runtime/Core/Unity.Services.Core.asmdef)
Required property 'name' not set (Packages/com.unity.visualscripting/Runtime/VisualScripting.State/Unity.VisualScripting.State.asmdef)
Required property 'name' not set (Packages/com.unity.visualscripting/Runtime/VisualScripting.Core/Unity.VisualScripting.Core.asmdef)
Required property 'name' not set (Packages/com.unity.services.core/Runtime/Device/Unity.Services.Core.Device.asmdef)
Mono: successfully reloaded assembly
- Completed reload, in  1.245 seconds
Domain Reload Profiling:
	ReloadAssembly (1246ms)
		BeginReloadAssembly (129ms)
			ExecutionOrderSort (0ms)
			DisableScriptedObjects (6ms)
			BackupInstance (0ms)
			ReleaseScriptingObjects (0ms)
			CreateAndSetChildDomain (20ms)
		EndReloadAssembly (978ms)
			LoadAssemblies (74ms)
			RebuildTransferFunctionScriptingTraits (0ms)
			SetupTypeCache (141ms)
			ReleaseScriptCaches (1ms)
			RebuildScriptCaches (391ms)
			SetupLoadedEditorAssemblies (344ms)
				LogAssemblyErrors (0ms)
				InitializePlatformSupportModulesInManaged (9ms)
				SetLoadedEditorAssemblies (0ms)
				RefreshPlugins (1ms)
				BeforeProcessingInitializeOnLoad (189ms)
				ProcessInitializeOnLoadAttributes (117ms)
				ProcessInitializeOnLoadMethodAttributes (20ms)
				AfterProcessingInitializeOnLoad (8ms)
				EditorAssembliesLoaded (0ms)
			ExecutionOrderSort2 (0ms)
			AwakeInstancesAfterBackupRestoration (10ms)
Platform modules already initialized, skipping
========================================================================
Worker process is ready to serve import requests
Launched and connected shader compiler UnityShaderCompiler.exe after 0.06 seconds
Refreshing native plugins compatible for Editor in 0.92 ms, found 3 plugins.
Preloading 0 native plugins for Editor in 0.00 ms.
Unloading 3319 Unused Serialized files (Serialized files now loaded: 0)
Unloading 18 unused Assets / (56.1 KB). Loaded Objects now: 3773.
Memory consumption went from 112.6 MB to 112.6 MB.
Total: 4.316600 ms (FindLiveObjects: 1.088600 ms CreateObjectMapping: 0.328200 ms MarkObjects: 2.814700 ms  DeleteObjects: 0.083600 ms)

AssetImportParameters requested are different than current active one (requested -> active):
  custom:video-decoder-ogg-theora: a1e56fd34408186e4bbccfd4996cb3dc -> 
  custom:container-muxer-webm: aa71ff27fc2769a1b78a27578f13a17b -> 
  custom:container-demuxer-webm: 4f35f7cbe854078d1ac9338744f61a02 -> 
  custom:video-encoder-webm-vp8: eb34c28f22e8b96e1ab97ce403110664 -> 
  custom:audio-encoder-webm-vorbis: bf7c407c2cedff20999df2af8eb42d56 -> 
  custom:framework-win-MediaFoundation: 216162199b28c13a410421893ffa2e32 -> 
  custom:container-demuxer-ogg: 62fdf1f143b41e24485cea50d1cbac27 -> 
  custom:video-decoder-webm-vp8: 9c59270c3fd7afecdb556c50c9e8de78 -> 
  custom:audio-decoder-ogg-vorbis: bf7c407c2cedff20999df2af8eb42d56 -> 
========================================================================
Received Import Request.
  Time since last request: 19733.378215 seconds.
  path: Assets/Space Invader Assets
  artifactKey: Guid(59d18c8e0b2804b47871f1e859802817) Importer(815301076,1909f56bfc062723c751e8b465ee728b)
Start importing Assets/Space Invader Assets using Guid(59d18c8e0b2804b47871f1e859802817) Importer(815301076,1909f56bfc062723c751e8b465ee728b)  -> (artifact id: '777d310e68f116e9ff19327ffbfe937a') in 0.011133 seconds 
========================================================================
Received Import Request.
  Time since last request: 13.269672 seconds.
  path: Assets/Prefabs/beams_18.prefab
  artifactKey: Guid(e3205d67953690e479de9ce49c9d65fc) Importer(815301076,1909f56bfc062723c751e8b465ee728b)
Start importing Assets/Prefabs/beams_18.prefab using Guid(e3205d67953690e479de9ce49c9d65fc) Importer(815301076,1909f56bfc062723c751e8b465ee728b)  -> (artifact id: 'bab48ee3e6e7a5430c29a3cd4110c686') in 0.185441 seconds 
========================================================================
Received Import Request.
  Time since last request: 0.000034 seconds.
  path: Assets/Prefabs/wall.prefab
  artifactKey: Guid(a95fc645f07aba6458f7362c80889b73) Importer(815301076,1909f56bfc062723c751e8b465ee728b)
Start importing Assets/Prefabs/wall.prefab using Guid(a95fc645f07aba6458f7362c80889b73) Importer(815301076,1909f56bfc062723c751e8b465ee728b)  -> (artifact id: 'e468f65150b14841af946c6bb82e967c') in 0.014946 seconds 
========================================================================
Received Import Request.
  Time since last request: 0.000030 seconds.
  path: Assets/Prefabs/Normal Enemies Longer Ani_0.prefab
  artifactKey: Guid(90eb2bcecadbfcf45ad31151c2285e45) Importer(815301076,1909f56bfc062723c751e8b465ee728b)
Start importing Assets/Prefabs/Normal Enemies Longer Ani_0.prefab using Guid(90eb2bcecadbfcf45ad31151c2285e45) Importer(815301076,1909f56bfc062723c751e8b465ee728b)  -> (artifact id: '418b874252423addfd0e3927b9f2b2a3') in 0.020169 seconds 
========================================================================
Received Import Request.
  Time since last request: 0.000023 seconds.
  path: Assets/Prefabs/explosion04.prefab
  artifactKey: Guid(6595f2123589e964fafff72564ea295a) Importer(815301076,1909f56bfc062723c751e8b465ee728b)
Start importing Assets/Prefabs/explosion04.prefab using Guid(6595f2123589e964fafff72564ea295a) Importer(815301076,1909f56bfc062723c751e8b465ee728b)  -> (artifact id: 'd0549132005f4844109d20fce6675feb') in 0.015835 seconds 
========================================================================
Received Import Request.
  Time since last request: 0.000035 seconds.
  path: Assets/Prefabs/Normal Enemies Longer Ani.png
  artifactKey: Guid(de43e7d6717f2484387ba1cd21558081) Importer(815301076,1909f56bfc062723c751e8b465ee728b)
Start importing Assets/Prefabs/Normal Enemies Longer Ani.png using Guid(de43e7d6717f2484387ba1cd21558081) Importer(815301076,1909f56bfc062723c751e8b465ee728b)  -> (artifact id: '730fc0f1e109c96e68f46f0f418d8c91') in 0.179429 seconds 
========================================================================
Received Import Request.
  Time since last request: 0.000024 seconds.
  path: Assets/Prefabs/NE.prefab
  artifactKey: Guid(b96d3973e9343244eb738b4dbe498161) Importer(815301076,1909f56bfc062723c751e8b465ee728b)
Start importing Assets/Prefabs/NE.prefab using Guid(b96d3973e9343244eb738b4dbe498161) Importer(815301076,1909f56bfc062723c751e8b465ee728b)  -> (artifact id: '4c850385e79ebedff66c86a91ce3341a') in 0.025181 seconds 
========================================================================
Received Import Request.
  Time since last request: 0.000037 seconds.
  path: Assets/Prefabs/wall.PNG
  artifactKey: Guid(58aaa59930a8a2840807d0698ab13a6b) Importer(815301076,1909f56bfc062723c751e8b465ee728b)
Start importing Assets/Prefabs/wall.PNG using Guid(58aaa59930a8a2840807d0698ab13a6b) Importer(815301076,1909f56bfc062723c751e8b465ee728b)  -> (artifact id: 'a0979719b8c14312fc72ac7d2faa3f81') in 0.025337 seconds 
========================================================================
Received Import Request.
  Time since last request: 0.000031 seconds.
  path: Assets/Prefabs/Normal Enemies Longer Ani_0 1.prefab
  artifactKey: Guid(156cdbb96c6bfee4987a754835ff6397) Importer(815301076,1909f56bfc062723c751e8b465ee728b)
Start importing Assets/Prefabs/Normal Enemies Longer Ani_0 1.prefab using Guid(156cdbb96c6bfee4987a754835ff6397) Importer(815301076,1909f56bfc062723c751e8b465ee728b)  -> (artifact id: '41902c2e9fb41d6cf56ff638825ea074') in 0.015731 seconds 
========================================================================
Received Import Request.
  Time since last request: 0.000030 seconds.
  path: Assets/Prefabs/Bigexplosion Variant.prefab
  artifactKey: Guid(649ef28a32b01284c9325e5bd518c37d) Importer(815301076,1909f56bfc062723c751e8b465ee728b)
Start importing Assets/Prefabs/Bigexplosion Variant.prefab using Guid(649ef28a32b01284c9325e5bd518c37d) Importer(815301076,1909f56bfc062723c751e8b465ee728b)  -> (artifact id: '0afe542b650879f794f23417e064faa3') in 0.015073 seconds 
========================================================================
Received Import Request.
  Time since last request: 0.000016 seconds.
  path: Assets/Prefabs/beams_37.prefab
  artifactKey: Guid(82b0d2153c502994a9366f68f3366335) Importer(815301076,1909f56bfc062723c751e8b465ee728b)
Start importing Assets/Prefabs/beams_37.prefab using Guid(82b0d2153c502994a9366f68f3366335) Importer(815301076,1909f56bfc062723c751e8b465ee728b)  -> (artifact id: 'b6fc20df227983130871eb0157fc6d22') in 0.014446 seconds 
========================================================================
Received Import Request.
  Time since last request: 0.000016 seconds.
  path: Assets/Prefabs/Normal Enemies.prefab
  artifactKey: Guid(7ecd4bcdb2da5b5489b2615be0f5b9de) Importer(815301076,1909f56bfc062723c751e8b465ee728b)
Start importing Assets/Prefabs/Normal Enemies.prefab using Guid(7ecd4bcdb2da5b5489b2615be0f5b9de) Importer(815301076,1909f56bfc062723c751e8b465ee728b)  -> (artifact id: 'cc33bb72859c509d933d3474a8dce4a9') in 0.013796 seconds 
========================================================================
Received Import Request.
  Time since last request: 0.000019 seconds.
  path: Assets/Prefabs/Enemy Boss.prefab
  artifactKey: Guid(c31cf6cc0574efb4a858f1e3684b818a) Importer(815301076,1909f56bfc062723c751e8b465ee728b)
Start importing Assets/Prefabs/Enemy Boss.prefab using Guid(c31cf6cc0574efb4a858f1e3684b818a) Importer(815301076,1909f56bfc062723c751e8b465ee728b)  -> (artifact id: 'd8a1062dd81456d2abb0007a56e46b77') in 0.011920 seconds 
========================================================================
Received Prepare
Registering precompiled user dll's ...
Registered in 0.000984 seconds.
Required property 'name' not set (Packages/com.unity.visualscripting/Editor/VisualScripting.Flow/Unity.VisualScripting.Flow.Editor.asmdef)
Required property 'name' not set (Packages/com.unity.services.core/Editor/Core/Unity.Services.Core.Editor.asmdef)
Required property 'name' not set (Packages/com.unity.services.core/Editor/Core/Configuration/Unity.Services.Core.Configuration.Editor.asmdef)
Required property 'name' not set (Packages/com.unity.ide.vscode/Editor/Unity.com.unity.vscode.Editor.asmdef)
Required property 'name' not set (Packages/com.unity.services.core/Runtime/Analytics/Unity.Services.Core.Analytics.asmdef)
Required property 'name' not set (Packages/com.unity.services.core/Runtime/Registration/Unity.Services.Core.Registration.asmdef)
Required property 'name' not set (Packages/com.unity.textmeshpro/Tests/Runtime/Unity.TextMeshPro.Tests.asmdef)
Required property 'name' not set (Packages/com.unity.visualscripting/Editor/VisualScripting.Shared/Unity.VisualScripting.Shared.Editor.asmdef)
Required property 'name' not set (Packages/com.unity.textmeshpro/Scripts/Editor/Unity.TextMeshPro.Editor.asmdef)
Required property 'name' not set (Packages/com.unity.services.core/Runtime/Telemetry/Unity.Services.Core.Telemetry.asmdef)
Required property 'name' not set (Packages/com.unity.services.core/Runtime/Environments/Unity.Services.Core.Environments.asmdef)
Required property 'name' not set (Packages/com.unity.ide.visualstudio/Editor/com.unity.ide.visualstudio.asmdef)
Required property 'name' not set (Packages/com.unity.services.core/Runtime/Scheduler/Unity.Services.Core.Scheduler.asmdef)
Required property 'name' not set (Packages/com.unity.test-framework/UnityEngine.TestRunner/UnityEngine.TestRunner.asmdef)
Required property 'name' not set (Packages/com.unity.services.core/Runtime/Environments/Internal/Unity.Services.Core.Environments.Internal.asmdef)
Required property 'name' not set (Packages/com.unity.timeline/Editor/Unity.Timeline.Editor.asmdef)
Required property 'name' not set (Packages/com.unity.timeline/Runtime/Unity.Timeline.asmdef)
Required property 'name' not set (Packages/com.unity.visualscripting/Editor/VisualScripting.Core/Unity.VisualScripting.Core.Editor.asmdef)
Required property 'name' not set (Packages/com.unity.textmeshpro/Scripts/Runtime/Unity.TextMeshPro.asmdef)
Required property 'name' not set (Packages/com.unity.visualscripting/Editor/VisualScripting.State/Unity.VisualScripting.State.Editor.asmdef)
Required property 'name' not set (Packages/com.unity.textmeshpro/Tests/Editor/Unity.TextMeshPro.Editor.Tests.asmdef)
Required property 'name' not set (Packages/com.unity.services.core/Runtime/Threading/Unity.Services.Core.Threading.asmdef)
Required property 'name' not set (Packages/com.unity.collab-proxy/Editor/Collaborate/Unity.CollabProxy.Editor.asmdef)
Required property 'name' not set (Packages/com.unity.collab-proxy/Tests/Editor/Collaborate/Unity.CollabProxy.EditorTests.asmdef)
Required property 'name' not set (Packages/com.unity.test-framework/UnityEditor.TestRunner/UnityEditor.TestRunner.asmdef)
Required property 'name' not set (Packages/com.unity.visualscripting/Editor/SettingsProvider/Unity.VisualScripting.SettingsProvider.Editor.asmdef)
Required property 'name' not set (Packages/com.unity.visualscripting/Runtime/VisualScripting.Flow/Unity.VisualScripting.Flow.asmdef)
Required property 'name' not set (Packages/com.unity.collab-proxy/Editor/PlasticSCM/Unity.PlasticSCM.Editor.asmdef)
Required property 'name' not set (Packages/com.unity.collab-proxy/Tests/Editor/PlasticSCM/Unity.PlasticSCM.EditorTests.asmdef)
Required property 'name' not set (Packages/com.unity.timeline/DocCodeExamples/DocCodeExamples.asmdef)
Required property 'name' not set (Packages/com.unity.ide.rider/Rider/Editor/com.unity.ide.rider.asmdef)
Required property 'name' not set (Packages/com.unity.services.core/Runtime/Networking/Unity.Services.Core.Networking.asmdef)
Required property 'name' not set (Packages/com.unity.services.core/Runtime/Core.Internal/Unity.Services.Core.Internal.asmdef)
Required property 'name' not set (Packages/com.unity.services.core/Runtime/Configuration/Unity.Services.Core.Configuration.asmdef)
Required property 'name' not set (Packages/com.unity.services.core/Runtime/Core/Unity.Services.Core.asmdef)
Required property 'name' not set (Packages/com.unity.visualscripting/Runtime/VisualScripting.State/Unity.VisualScripting.State.asmdef)
Required property 'name' not set (Packages/com.unity.visualscripting/Runtime/VisualScripting.Core/Unity.VisualScripting.Core.asmdef)
Required property 'name' not set (Packages/com.unity.services.core/Runtime/Device/Unity.Services.Core.Device.asmdef)
Required property 'name' not set (Packages/com.unity.visualscripting/Editor/VisualScripting.Flow/Unity.VisualScripting.Flow.Editor.asmdef)
Required property 'name' not set (Packages/com.unity.services.core/Editor/Core/Unity.Services.Core.Editor.asmdef)
Required property 'name' not set (Packages/com.unity.services.core/Editor/Core/Configuration/Unity.Services.Core.Configuration.Editor.asmdef)
Required property 'name' not set (Packages/com.unity.ide.vscode/Editor/Unity.com.unity.vscode.Editor.asmdef)
Required property 'name' not set (Packages/com.unity.services.core/Runtime/Analytics/Unity.Services.Core.Analytics.asmdef)
Required property 'name' not set (Packages/com.unity.services.core/Runtime/Registration/Unity.Services.Core.Registration.asmdef)
Required property 'name' not set (Packages/com.unity.textmeshpro/Tests/Runtime/Unity.TextMeshPro.Tests.asmdef)
Required property 'name' not set (Packages/com.unity.visualscripting/Editor/VisualScripting.Shared/Unity.VisualScripting.Shared.Editor.asmdef)
Required property 'name' not set (Packages/com.unity.textmeshpro/Scripts/Editor/Unity.TextMeshPro.Editor.asmdef)
Required property 'name' not set (Packages/com.unity.services.core/Runtime/Telemetry/Unity.Services.Core.Telemetry.asmdef)
Required property 'name' not set (Packages/com.unity.services.core/Runtime/Environments/Unity.Services.Core.Environments.asmdef)
Required property 'name' not set (Packages/com.unity.ide.visualstudio/Editor/com.unity.ide.visualstudio.asmdef)
Required property 'name' not set (Packages/com.unity.services.core/Runtime/Scheduler/Unity.Services.Core.Scheduler.asmdef)
Required property 'name' not set (Packages/com.unity.test-framework/UnityEngine.TestRunner/UnityEngine.TestRunner.asmdef)
Required property 'name' not set (Packages/com.unity.services.core/Runtime/Environments/Internal/Unity.Services.Core.Environments.Internal.asmdef)
Required property 'name' not set (Packages/com.unity.timeline/Editor/Unity.Timeline.Editor.asmdef)
Required property 'name' not set (Packages/com.unity.timeline/Runtime/Unity.Timeline.asmdef)
Required property 'name' not set (Packages/com.unity.visualscripting/Editor/VisualScripting.Core/Unity.VisualScripting.Core.Editor.asmdef)
Required property 'name' not set (Packages/com.unity.textmeshpro/Scripts/Runtime/Unity.TextMeshPro.asmdef)
Required property 'name' not set (Packages/com.unity.visualscripting/Editor/VisualScripting.State/Unity.VisualScripting.State.Editor.asmdef)
Required property 'name' not set (Packages/com.unity.textmeshpro/Tests/Editor/Unity.TextMeshPro.Editor.Tests.asmdef)
Required property 'name' not set (Packages/com.unity.services.core/Runtime/Threading/Unity.Services.Core.Threading.asmdef)
Required property 'name' not set (Packages/com.unity.collab-proxy/Editor/Collaborate/Unity.CollabProxy.Editor.asmdef)
Required property 'name' not set (Packages/com.unity.collab-proxy/Tests/Editor/Collaborate/Unity.CollabProxy.EditorTests.asmdef)
Required property 'name' not set (Packages/com.unity.test-framework/UnityEditor.TestRunner/UnityEditor.TestRunner.asmdef)
Required property 'name' not set (Packages/com.unity.visualscripting/Editor/SettingsProvider/Unity.VisualScripting.SettingsProvider.Editor.asmdef)
Required property 'name' not set (Packages/com.unity.visualscripting/Runtime/VisualScripting.Flow/Unity.VisualScripting.Flow.asmdef)
Required property 'name' not set (Packages/com.unity.collab-proxy/Editor/PlasticSCM/Unity.PlasticSCM.Editor.asmdef)
Required property 'name' not set (Packages/com.unity.collab-proxy/Tests/Editor/PlasticSCM/Unity.PlasticSCM.EditorTests.asmdef)
Required property 'name' not set (Packages/com.unity.timeline/DocCodeExamples/DocCodeExamples.asmdef)
Required property 'name' not set (Packages/com.unity.ide.rider/Rider/Editor/com.unity.ide.rider.asmdef)
Required property 'name' not set (Packages/com.unity.services.core/Runtime/Networking/Unity.Services.Core.Networking.asmdef)
Required property 'name' not set (Packages/com.unity.services.core/Runtime/Core.Internal/Unity.Services.Core.Internal.asmdef)
Required property 'name' not set (Packages/com.unity.services.core/Runtime/Configuration/Unity.Services.Core.Configuration.asmdef)
Required property 'name' not set (Packages/com.unity.services.core/Runtime/Core/Unity.Services.Core.asmdef)
Required property 'name' not set (Packages/com.unity.visualscripting/Runtime/VisualScripting.State/Unity.VisualScripting.State.asmdef)
Required property 'name' not set (Packages/com.unity.visualscripting/Runtime/VisualScripting.Core/Unity.VisualScripting.Core.asmdef)
Required property 'name' not set (Packages/com.unity.services.core/Runtime/Device/Unity.Services.Core.Device.asmdef)
Begin MonoManager ReloadAssembly
Native extension for WindowsStandalone target not found
Native extension for OSXStandalone target not found
Refreshing native plugins compatible for Editor in 0.79 ms, found 3 plugins.
Preloading 0 native plugins for Editor in 0.00 ms.
Required property 'name' not set (Packages/com.unity.visualscripting/Editor/VisualScripting.Flow/Unity.VisualScripting.Flow.Editor.asmdef)
Required property 'name' not set (Packages/com.unity.services.core/Editor/Core/Unity.Services.Core.Editor.asmdef)
Required property 'name' not set (Packages/com.unity.services.core/Editor/Core/Configuration/Unity.Services.Core.Configuration.Editor.asmdef)
Required property 'name' not set (Packages/com.unity.ide.vscode/Editor/Unity.com.unity.vscode.Editor.asmdef)
Required property 'name' not set (Packages/com.unity.services.core/Runtime/Analytics/Unity.Services.Core.Analytics.asmdef)
Required property 'name' not set (Packages/com.unity.services.core/Runtime/Registration/Unity.Services.Core.Registration.asmdef)
Required property 'name' not set (Packages/com.unity.textmeshpro/Tests/Runtime/Unity.TextMeshPro.Tests.asmdef)
Required property 'name' not set (Packages/com.unity.visualscripting/Editor/VisualScripting.Shared/Unity.VisualScripting.Shared.Editor.asmdef)
Required property 'name' not set (Packages/com.unity.textmeshpro/Scripts/Editor/Unity.TextMeshPro.Editor.asmdef)
Required property 'name' not set (Packages/com.unity.services.core/Runtime/Telemetry/Unity.Services.Core.Telemetry.asmdef)
Required property 'name' not set (Packages/com.unity.services.core/Runtime/Environments/Unity.Services.Core.Environments.asmdef)
Required property 'name' not set (Packages/com.unity.ide.visualstudio/Editor/com.unity.ide.visualstudio.asmdef)
Required property 'name' not set (Packages/com.unity.services.core/Runtime/Scheduler/Unity.Services.Core.Scheduler.asmdef)
Required property 'name' not set (Packages/com.unity.test-framework/UnityEngine.TestRunner/UnityEngine.TestRunner.asmdef)
Required property 'name' not set (Packages/com.unity.services.core/Runtime/Environments/Internal/Unity.Services.Core.Environments.Internal.asmdef)
Required property 'name' not set (Packages/com.unity.timeline/Editor/Unity.Timeline.Editor.asmdef)
Required property 'name' not set (Packages/com.unity.timeline/Runtime/Unity.Timeline.asmdef)
Required property 'name' not set (Packages/com.unity.visualscripting/Editor/VisualScripting.Core/Unity.VisualScripting.Core.Editor.asmdef)
Required property 'name' not set (Packages/com.unity.textmeshpro/Scripts/Runtime/Unity.TextMeshPro.asmdef)
Required property 'name' not set (Packages/com.unity.visualscripting/Editor/VisualScripting.State/Unity.VisualScripting.State.Editor.asmdef)
Required property 'name' not set (Packages/com.unity.textmeshpro/Tests/Editor/Unity.TextMeshPro.Editor.Tests.asmdef)
Required property 'name' not set (Packages/com.unity.services.core/Runtime/Threading/Unity.Services.Core.Threading.asmdef)
Required property 'name' not set (Packages/com.unity.collab-proxy/Editor/Collaborate/Unity.CollabProxy.Editor.asmdef)
Required property 'name' not set (Packages/com.unity.collab-proxy/Tests/Editor/Collaborate/Unity.CollabProxy.EditorTests.asmdef)
Required property 'name' not set (Packages/com.unity.test-framework/UnityEditor.TestRunner/UnityEditor.TestRunner.asmdef)
Required property 'name' not set (Packages/com.unity.visualscripting/Editor/SettingsProvider/Unity.VisualScripting.SettingsProvider.Editor.asmdef)
Required property 'name' not set (Packages/com.unity.visualscripting/Runtime/VisualScripting.Flow/Unity.VisualScripting.Flow.asmdef)
Required property 'name' not set (Packages/com.unity.collab-proxy/Editor/PlasticSCM/Unity.PlasticSCM.Editor.asmdef)
Required property 'name' not set (Packages/com.unity.collab-proxy/Tests/Editor/PlasticSCM/Unity.PlasticSCM.EditorTests.asmdef)
Required property 'name' not set (Packages/com.unity.timeline/DocCodeExamples/DocCodeExamples.asmdef)
Required property 'name' not set (Packages/com.unity.ide.rider/Rider/Editor/com.unity.ide.rider.asmdef)
Required property 'name' not set (Packages/com.unity.services.core/Runtime/Networking/Unity.Services.Core.Networking.asmdef)
Required property 'name' not set (Packages/com.unity.services.core/Runtime/Core.Internal/Unity.Services.Core.Internal.asmdef)
Required property 'name' not set (Packages/com.unity.services.core/Runtime/Configuration/Unity.Services.Core.Configuration.asmdef)
Required property 'name' not set (Packages/com.unity.services.core/Runtime/Core/Unity.Services.Core.asmdef)
Required property 'name' not set (Packages/com.unity.visualscripting/Runtime/VisualScripting.State/Unity.VisualScripting.State.asmdef)
Required property 'name' not set (Packages/com.unity.visualscripting/Runtime/VisualScripting.Core/Unity.VisualScripting.Core.asmdef)
Required property 'name' not set (Packages/com.unity.services.core/Runtime/Device/Unity.Services.Core.Device.asmdef)
Mono: successfully reloaded assembly
- Completed reload, in  0.697 seconds
Domain Reload Profiling:
	ReloadAssembly (697ms)
		BeginReloadAssembly (111ms)
			ExecutionOrderSort (0ms)
			DisableScriptedObjects (6ms)
			BackupInstance (0ms)
			ReleaseScriptingObjects (0ms)
			CreateAndSetChildDomain (18ms)
		EndReloadAssembly (484ms)
			LoadAssemblies (65ms)
			RebuildTransferFunctionScriptingTraits (0ms)
			SetupTypeCache (116ms)
			ReleaseScriptCaches (0ms)
			RebuildScriptCaches (29ms)
			SetupLoadedEditorAssemblies (228ms)
				LogAssemblyErrors (0ms)
				InitializePlatformSupportModulesInManaged (16ms)
				SetLoadedEditorAssemblies (1ms)
				RefreshPlugins (1ms)
				BeforeProcessingInitializeOnLoad (57ms)
				ProcessInitializeOnLoadAttributes (119ms)
				ProcessInitializeOnLoadMethodAttributes (26ms)
				AfterProcessingInitializeOnLoad (9ms)
				EditorAssembliesLoaded (0ms)
			ExecutionOrderSort2 (0ms)
			AwakeInstancesAfterBackupRestoration (11ms)
Platform modules already initialized, skipping
Refreshing native plugins compatible for Editor in 1.83 ms, found 3 plugins.
Preloading 0 native plugins for Editor in 0.00 ms.
Unloading 3300 Unused Serialized files (Serialized files now loaded: 0)
Unloading 16 unused Assets / (24.6 KB). Loaded Objects now: 3796.
Memory consumption went from 115.5 MB to 115.5 MB.
Total: 2.692200 ms (FindLiveObjects: 0.240800 ms CreateObjectMapping: 0.199700 ms MarkObjects: 2.220900 ms  DeleteObjects: 0.029600 ms)

AssetImportParameters requested are different than current active one (requested -> active):
  custom:video-decoder-ogg-theora: a1e56fd34408186e4bbccfd4996cb3dc -> 
  custom:container-muxer-webm: aa71ff27fc2769a1b78a27578f13a17b -> 
  custom:container-demuxer-webm: 4f35f7cbe854078d1ac9338744f61a02 -> 
  custom:video-encoder-webm-vp8: eb34c28f22e8b96e1ab97ce403110664 -> 
  custom:audio-encoder-webm-vorbis: bf7c407c2cedff20999df2af8eb42d56 -> 
  custom:framework-win-MediaFoundation: 216162199b28c13a410421893ffa2e32 -> 
  custom:container-demuxer-ogg: 62fdf1f143b41e24485cea50d1cbac27 -> 
  custom:video-decoder-webm-vp8: 9c59270c3fd7afecdb556c50c9e8de78 -> 
  custom:audio-decoder-ogg-vorbis: bf7c407c2cedff20999df2af8eb42d56 -> 
Editor requested this worker to shutdown with reason: Scaling down because of idle timeout
AssetImportWorker is now disconnected from the server
Process exiting
Exiting without the bug reporter. Application will terminate with return code 0